<?xml version="1.0" encoding="utf-8"?><testsuites name="pytest tests"><testsuite name="pytest" errors="0" failures="0" skipped="0" tests="5" time="1.513" timestamp="2026-07-14T18:03:56.192955+00:00" hostname="agent-env-c8c8bd02-734f-43a6-a277-4b4023f4b1df"><testcase classname="backend.tests.test_github_test_connection.TestTestGithubEndpoint" name="test_missing_config_returns_400" time="0.656" /><testcase classname="backend.tests.test_github_test_connection.TestTestGithubEndpoint" name="test_fake_token_returns_401" time="0.322" /><testcase classname="backend.tests.test_github_test_connection" name="test_unit_404_branch_a_repo_empty" time="0.390" /><testcase classname="backend.tests.test_github_test_connection" name="test_unit_404_branch_b_repo_exists_branch_missing" time="0.001" /><testcase classname="backend.tests.test_github_test_connection" name="test_unit_404_branch_c_repo_inaccessible" time="0.065" /></testsuite></testsuites>