<?xml version="1.0" encoding="utf-8"?><testsuites name="pytest tests"><testsuite name="pytest" errors="0" failures="0" skipped="0" tests="6" time="2.702" timestamp="2026-07-14T10:06:41.986702+00:00" hostname="agent-env-c8c8bd02-734f-43a6-a277-4b4023f4b1df"><testcase classname="backend.tests.test_google_oauth_pkce" name="test_google_status_configured" time="0.551" /><testcase classname="backend.tests.test_google_oauth_pkce" name="test_agents_overview" time="0.096" /><testcase classname="backend.tests.test_google_oauth_pkce" name="test_google_login_returns_pkce_url" time="0.191" /><testcase classname="backend.tests.test_google_oauth_pkce" name="test_state_doc_persisted_and_callback_purges_it" time="1.448" /><testcase classname="backend.tests.test_google_oauth_pkce" name="test_callback_invalid_state_returns_400" time="0.095" /><testcase classname="backend.tests.test_google_oauth_pkce" name="test_two_logins_two_docs" time="0.191" /></testsuite></testsuites>