<?xml version="1.0" encoding="utf-8"?><testsuites name="pytest tests"><testsuite name="pytest" errors="0" failures="0" skipped="0" tests="6" time="2.415" timestamp="2026-07-14T09:01:12.700813+00:00" hostname="agent-env-c8c8bd02-734f-43a6-a277-4b4023f4b1df"><testcase classname="backend.tests.test_google_oauth_fix" name="test_google_status_configured" time="0.455" /><testcase classname="backend.tests.test_google_oauth_fix" name="test_google_login_returns_correct_redirect_uri" time="0.524" /><testcase classname="backend.tests.test_google_oauth_fix" name="test_google_oauth_callback_new_route_400_on_invalid_state" time="0.145" /><testcase classname="backend.tests.test_google_oauth_fix" name="test_google_callback_legacy_route_400_on_invalid_state" time="0.094" /><testcase classname="backend.tests.test_google_oauth_fix" name="test_other_oauth_status_endpoints_regression" time="0.629" /><testcase classname="backend.tests.test_google_oauth_fix" name="test_meta_and_gbp_login_return_authorization_url" time="0.507" /></testsuite></testsuites>