<?xml version="1.0" encoding="utf-8"?><testsuites name="pytest tests"><testsuite name="pytest" errors="0" failures="0" skipped="0" tests="7" time="1.919" timestamp="2026-07-14T10:13:30.509561+00:00" hostname="agent-env-c8c8bd02-734f-43a6-a277-4b4023f4b1df"><testcase classname="backend.tests.test_google_oauth_scope" name="test_authorization_url_uses_canonical_userinfo_email" time="0.597" /><testcase classname="backend.tests.test_google_oauth_scope" name="test_oauthlib_relax_token_scope_env_set" time="0.340" /><testcase classname="backend.tests.test_google_oauth_scope" name="test_pkce_still_present" time="0.102" /><testcase classname="backend.tests.test_google_oauth_scope" name="test_callback_no_scope_changed_nor_missing_verifier" time="0.259" /><testcase classname="backend.tests.test_google_oauth_scope" name="test_google_status" time="0.142" /><testcase classname="backend.tests.test_google_oauth_scope" name="test_auth_login_demo" time="0.319" /><testcase classname="backend.tests.test_google_oauth_scope" name="test_agents_overview" time="0.094" /></testsuite></testsuites>