<?xml version="1.0" encoding="utf-8"?><testsuites name="pytest tests"><testsuite name="pytest" errors="0" failures="0" skipped="0" tests="9" time="2.039" timestamp="2026-07-14T18:08:51.798771+00:00" hostname="agent-env-c8c8bd02-734f-43a6-a277-4b4023f4b1df"><testcase classname="backend.tests.test_github_test_connection.TestTestGithubEndpoint" name="test_missing_config_returns_400" time="0.651" /><testcase classname="backend.tests.test_github_test_connection.TestTestGithubEndpoint" name="test_fake_token_returns_401" time="0.271" /><testcase classname="backend.tests.test_github_test_connection" name="test_unit_404_branch_a_repo_empty" time="0.378" /><testcase classname="backend.tests.test_github_test_connection" name="test_unit_404_branch_b_repo_exists_branch_missing" time="0.001" /><testcase classname="backend.tests.test_github_test_connection" name="test_unit_404_branch_c_repo_inaccessible" time="0.049" /><testcase classname="backend.tests.test_third_party_credentials_400" name="test_publish_facebook_no_meta_returns_400" time="0.403" /><testcase classname="backend.tests.test_third_party_credentials_400" name="test_publish_gbp_no_google_returns_400" time="0.049" /><testcase classname="backend.tests.test_third_party_credentials_400" name="test_gbp_locations_no_google_returns_400" time="0.052" /><testcase classname="backend.tests.test_third_party_credentials_400" name="test_bogus_bearer_still_returns_401" time="0.100" /></testsuite></testsuites>