<?xml version="1.0" encoding="utf-8"?><testsuites name="pytest tests"><testsuite name="pytest" errors="0" failures="0" skipped="0" tests="21" time="3.924" timestamp="2026-07-19T08:08:05.568916+00:00" hostname="agent-env-c8c8bd02-734f-43a6-a277-4b4023f4b1df"><testcase classname="backend.tests.test_admin_workspace_invites" name="test_login_admin_is_admin_true" time="0.524" /><testcase classname="backend.tests.test_admin_workspace_invites" name="test_login_demo_is_admin_false" time="0.422" /><testcase classname="backend.tests.test_admin_workspace_invites" name="test_admin_overview_ok" time="0.098" /><testcase classname="backend.tests.test_admin_workspace_invites" name="test_admin_overview_forbidden_for_demo" time="0.107" /><testcase classname="backend.tests.test_admin_workspace_invites" name="test_admin_users_ok" time="0.118" /><testcase classname="backend.tests.test_admin_workspace_invites" name="test_admin_users_forbidden_for_demo" time="0.099" /><testcase classname="backend.tests.test_admin_workspace_invites" name="test_admin_patch_demo_plan_pro_then_free" time="0.425" /><testcase classname="backend.tests.test_admin_workspace_invites" name="test_invite_create" time="0.095" /><testcase classname="backend.tests.test_admin_workspace_invites" name="test_invite_info_public" time="0.101" /><testcase classname="backend.tests.test_admin_workspace_invites" name="test_invite_register_new_user" time="0.324" /><testcase classname="backend.tests.test_admin_workspace_invites" name="test_new_member_me_shows_role_and_acting" time="0.092" /><testcase classname="backend.tests.test_admin_workspace_invites" name="test_admin_team_members_lists_new_member" time="0.095" /><testcase classname="backend.tests.test_admin_workspace_invites" name="test_editor_can_get_drafts" time="0.092" /><testcase classname="backend.tests.test_admin_workspace_invites" name="test_editor_forbidden_on_post_sites" time="0.093" /><testcase classname="backend.tests.test_admin_workspace_invites" name="test_admin_downgrade_to_viewer" time="0.093" /><testcase classname="backend.tests.test_admin_workspace_invites" name="test_viewer_blocked_on_post" time="0.090" /><testcase classname="backend.tests.test_admin_workspace_invites" name="test_viewer_can_still_get_drafts" time="0.096" /><testcase classname="backend.tests.test_admin_workspace_invites" name="test_memberships_lists_two_workspaces" time="0.097" /><testcase classname="backend.tests.test_admin_workspace_invites" name="test_switch_to_own_workspace" time="0.187" /><testcase classname="backend.tests.test_admin_workspace_invites" name="test_admin_delete_member" time="0.183" /><testcase classname="backend.tests.test_admin_workspace_invites" name="test_regression_demo_endpoints" time="0.401" /></testsuite></testsuites>