<?xml version="1.0" encoding="utf-8"?><testsuites name="pytest tests"><testsuite name="pytest" errors="0" failures="1" skipped="1" tests="8" time="2.193" timestamp="2026-07-15T16:45:49.401149+00:00" hostname="agent-env-c8c8bd02-734f-43a6-a277-4b4023f4b1df"><testcase classname="backend.tests.test_github_403_handling.TestStaticCode" name="test_source_contains_expected_constants_and_raises" time="0.001" /><testcase classname="backend.tests.test_github_403_handling.TestStaticCode" name="test_github_get_file_sha_raises_403" time="0.000"><failure message="AssertionError: _github_get_file_sha does NOT explicitly handle 403 → should raise HTTPException(403, _GITHUB_403_MSG)&#10;assert False">backend/tests/test_github_403_handling.py:94: in test_github_get_file_sha_raises_403
    assert has_403, "_github_get_file_sha does NOT explicitly handle 403 → should raise HTTPException(403, _GITHUB_403_MSG)"
E   AssertionError: _github_get_file_sha does NOT explicitly handle 403 → should raise HTTPException(403, _GITHUB_403_MSG)
E   assert False</failure></testcase><testcase classname="backend.tests.test_github_403_handling.TestGithubEndpoints" name="test_test_github_no_config" time="0.628" /><testcase classname="backend.tests.test_github_403_handling.TestGithubEndpoints" name="test_test_github_invalid_token" time="0.512" /><testcase classname="backend.tests.test_github_403_handling.TestGithubEndpoints" name="test_publish_github_no_config" time="0.462"><skipped type="pytest.skip" message="No draft on test_site to test publish-github 400 path; static check + 404 covered.">/app/backend/tests/test_github_403_handling.py:156: No draft on test_site to test publish-github 400 path; static check + 404 covered.</skipped></testcase><testcase classname="backend.tests.test_github_403_handling.TestRegression" name="test_list_sites" time="0.119" /><testcase classname="backend.tests.test_github_403_handling.TestRegression" name="test_list_drafts" time="0.157" /><testcase classname="backend.tests.test_github_403_handling.TestRegression" name="test_publish_logs" time="0.218" /></testsuite></testsuites>