<?xml version="1.0" encoding="utf-8"?><testsuites name="pytest tests"><testsuite name="pytest" errors="0" failures="1" skipped="0" tests="7" time="3.222" timestamp="2026-07-14T09:18:19.303850+00:00" hostname="agent-env-c8c8bd02-734f-43a6-a277-4b4023f4b1df"><testcase classname="backend.tests.test_password_reset" name="test_login_returns_token_key" time="0.476" /><testcase classname="backend.tests.test_password_reset" name="test_forgot_password_existing_email" time="0.092" /><testcase classname="backend.tests.test_password_reset" name="test_forgot_password_unknown_email_returns_same_response" time="0.112"><failure message="assert 422 == 200&#10; +  where 422 = &lt;Response [422]&gt;.status_code">backend/tests/test_password_reset.py:56: in test_forgot_password_unknown_email_returns_same_response
    assert r.status_code == 200
E   assert 422 == 200
E    +  where 422 = &lt;Response [422]&gt;.status_code</failure></testcase><testcase classname="backend.tests.test_password_reset" name="test_reset_with_bogus_token_returns_400" time="0.099" /><testcase classname="backend.tests.test_password_reset" name="test_reset_short_password_returns_422" time="0.127" /><testcase classname="backend.tests.test_password_reset" name="test_full_reset_flow_and_restore_demo_password" time="1.921" /><testcase classname="backend.tests.test_password_reset" name="test_register_still_works" time="0.318" /></testsuite></testsuites>