<?xml version="1.0" encoding="utf-8"?><testsuites name="pytest tests"><testsuite name="pytest" errors="0" failures="0" skipped="0" tests="12" time="94.756" timestamp="2026-06-07T10:02:01.082550+00:00" hostname="agent-env-c8c8bd02-734f-43a6-a277-4b4023f4b1df"><testcase classname="backend.tests.test_phase2_keywords_optimizer.TestKeywordResearch" name="test_research_full_schema" time="46.768" /><testcase classname="backend.tests.test_phase2_keywords_optimizer.TestKeywordResearch" name="test_research_history" time="0.055" /><testcase classname="backend.tests.test_phase2_keywords_optimizer.TestSavedKeywords" name="test_save" time="0.055" /><testcase classname="backend.tests.test_phase2_keywords_optimizer.TestSavedKeywords" name="test_save_duplicate_409" time="0.044" /><testcase classname="backend.tests.test_phase2_keywords_optimizer.TestSavedKeywords" name="test_list" time="0.043" /><testcase classname="backend.tests.test_phase2_keywords_optimizer.TestSavedKeywords" name="test_delete" time="0.086" /><testcase classname="backend.tests.test_phase2_keywords_optimizer.TestOptimizer" name="test_optimize_404_unknown_page" time="0.281" /><testcase classname="backend.tests.test_phase2_keywords_optimizer.TestOptimizer" name="test_optimize_full_schema" time="46.974" /><testcase classname="backend.tests.test_phase2_keywords_optimizer.TestOptimizer" name="test_list_optimizations" time="0.141" /><testcase classname="backend.tests.test_phase2_keywords_optimizer.TestOptimizer" name="test_get_optimization" time="0.045" /><testcase classname="backend.tests.test_phase2_keywords_optimizer.TestOptimizer" name="test_apply_creates_ready_draft" time="0.134" /><testcase classname="backend.tests.test_phase2_keywords_optimizer.TestZCleanup" name="test_delete_site" time="0.046" /></testsuite></testsuites>