<?xml version="1.0" encoding="utf-8"?><testsuites name="pytest tests"><testsuite name="pytest" errors="0" failures="0" skipped="0" tests="25" time="56.231" timestamp="2026-06-07T09:46:06.223727+00:00" hostname="agent-env-c8c8bd02-734f-43a6-a277-4b4023f4b1df"><testcase classname="backend.tests.backend_test.TestAuth" name="test_health" time="0.199" /><testcase classname="backend.tests.backend_test.TestAuth" name="test_register_duplicate_409" time="0.333" /><testcase classname="backend.tests.backend_test.TestAuth" name="test_login_success" time="0.272" /><testcase classname="backend.tests.backend_test.TestAuth" name="test_login_wrong_password" time="0.274" /><testcase classname="backend.tests.backend_test.TestAuth" name="test_me" time="0.050" /><testcase classname="backend.tests.backend_test.TestAuth" name="test_me_no_token" time="0.047" /><testcase classname="backend.tests.backend_test.TestSites" name="test_list_sites" time="0.154" /><testcase classname="backend.tests.backend_test.TestSites" name="test_get_site" time="0.049" /><testcase classname="backend.tests.backend_test.TestSites" name="test_patch_site" time="0.096" /><testcase classname="backend.tests.backend_test.TestSites" name="test_other_user_cannot_access" time="0.324" /><testcase classname="backend.tests.backend_test.TestWixIntegration" name="test_pages_fallback_to_mock" time="0.275" /><testcase classname="backend.tests.backend_test.TestWixIntegration" name="test_blog_posts_fallback" time="0.308" /><testcase classname="backend.tests.backend_test.TestAudit" name="test_run_audit" time="0.254" /><testcase classname="backend.tests.backend_test.TestAudit" name="test_audit_history" time="0.052" /><testcase classname="backend.tests.backend_test.TestContentGen" name="test_generate_article" time="52.591" /><testcase classname="backend.tests.backend_test.TestDrafts" name="test_list_drafts" time="0.058" /><testcase classname="backend.tests.backend_test.TestDrafts" name="test_get_draft" time="0.056" /><testcase classname="backend.tests.backend_test.TestDrafts" name="test_patch_draft_creates_version" time="0.109" /><testcase classname="backend.tests.backend_test.TestDrafts" name="test_rollback" time="0.052" /><testcase classname="backend.tests.backend_test.TestPublish" name="test_publish_wix_unavailable" time="0.242" /><testcase classname="backend.tests.backend_test.TestPublish" name="test_publish_logs" time="0.053" /><testcase classname="backend.tests.backend_test.TestPerformance" name="test_performance" time="0.056" /><testcase classname="backend.tests.backend_test.TestDashboard" name="test_stats" time="0.050" /><testcase classname="backend.tests.backend_test.TestZCleanup" name="test_delete_draft" time="0.048" /><testcase classname="backend.tests.backend_test.TestZCleanup" name="test_delete_site" time="0.102" /></testsuite></testsuites>