<?xml version="1.0" encoding="utf-8"?><testsuites name="pytest tests"><testsuite name="pytest" errors="0" failures="1" skipped="0" tests="30" time="4.259" timestamp="2026-07-13T14:19:09.165829+00:00" hostname="agent-env-c8c8bd02-734f-43a6-a277-4b4023f4b1df"><testcase classname="backend.tests.test_regression_refactor" name="test_auth_me" time="0.464" /><testcase classname="backend.tests.test_regression_refactor" name="test_auth_login_bad" time="0.332" /><testcase classname="backend.tests.test_regression_refactor" name="test_sites_list" time="0.098" /><testcase classname="backend.tests.test_regression_refactor" name="test_site_get" time="0.103" /><testcase classname="backend.tests.test_regression_refactor" name="test_drafts_list" time="0.140" /><testcase classname="backend.tests.test_regression_refactor" name="test_draft_get" time="0.097" /><testcase classname="backend.tests.test_regression_refactor" name="test_draft_export_html" time="0.097"><failure message="assert ('&lt;figure' in '&lt;!doctype html&gt;\n&lt;html lang=&quot;fr&quot;&gt;\n&lt;head&gt;\n  &lt;meta charset=&quot;utf-8&quot;&gt;\n  &lt;meta name=&quot;viewport&quot; content=&quot;width=device-width,initial-scale=1&quot;&gt;\n  &lt;title&gt;Logiciel Location Voiture Genève | Logirent.ch&lt;/title&gt;\n  &lt;meta name=&quot;description&quot; content=&quot;Logiciel professionnel de gestion de location de véhicules à Genève. Automatisez réservations, contrats et facturation. Solution suisse adaptée aux loueurs genevois.&quot;&gt;\n  &lt;meta name=&quot;keywords&quot; content=&quot;logiciel location voiture genève, gestion location véhicules genève, solution location automobile suisse, logiciel loueur genève, location voiture professionnelle genève, gestion flotte automobile genève, réservation location véhicule, logiciel conformité suisse location&quot;&gt;\n  &lt;link rel=&quot;canonical&quot; href=&quot;https://www.logirent.ch/logiciel-de-location-de-vehicules-a-geneve-solution-professionnelle-logirent.html&quot;&gt;\n  &lt;meta property=&quot;og:title&quot; content=&quot;Logiciel Location Voiture Genève | Logirent.ch&quot;&gt;\n  &lt;meta property=&quot;og:description&quot; content=&quot;Logiciel professionnel de gestion de location de véhicules à Genève. Automatisez réservations, contrats et facturation. Solution suisse adaptée aux loueurs genevois.&quot;&gt;\n  &lt;meta property=&quot;og:type&quot; content=&quot;artic...ie les permis de conduire internationaux, applique les exonérations TVA selon les règles suisses, et accepte les paiements par cartes internationales. Les contrats sont disponibles dans plusieurs langues.&lt;/p&gt;&lt;/details&gt;&lt;details class=&quot;faq-item&quot;&gt;&lt;summary&gt;Mes données sont-elles sécurisées avec un hébergement cloud ?&lt;/summary&gt;&lt;p&gt;Oui, totalement. Logirent héberge vos données sur des serveurs certifiés situés en Suisse, garantissant conformité LPD et RGPD. Les sauvegardes quotidiennes automatiques, le chiffrement SSL, et l\'authentification multi-facteurs protègent vos informations sensibles. Vous conservez un contrôle total sur vos données avec possibilité d\'export à tout moment.&lt;/p&gt;&lt;/details&gt;&lt;details class=&quot;faq-item&quot;&gt;&lt;summary&gt;Puis-je intégrer Logirent avec mon site web et ma comptabilité existante ?&lt;/summary&gt;&lt;p&gt;Oui, Logirent s\'intègre facilement via API ou widget à votre site web pour les réservations en ligne. Le système exporte directement vers les logiciels comptables suisses courants (Crésus, Banana, Bexio, SAP). L\'équipe technique configure ces connexions durant la phase d\'implémentation selon vos besoins spécifiques.&lt;/p&gt;&lt;/details&gt;&lt;/section&gt;\n  &lt;/article&gt;\n&lt;/body&gt;\n&lt;/html&gt;\n' or 'cover' in '&lt;!doctype html&gt;\n&lt;html lang=&quot;fr&quot;&gt;\n&lt;head&gt;\n  &lt;meta charset=&quot;utf-8&quot;&gt;\n  &lt;meta name=&quot;viewport&quot; content=&quot;width=device-width,initial-scale=1&quot;&gt;\n  &lt;title&gt;logiciel location voiture genève | logirent.ch&lt;/title&gt;\n  &lt;meta name=&quot;description&quot; content=&quot;logiciel professionnel de gestion de location de véhicules à genève. automatisez réservations, contrats et facturation. solution suisse adaptée aux loueurs genevois.&quot;&gt;\n  &lt;meta name=&quot;keywords&quot; content=&quot;logiciel location voiture genève, gestion location véhicules genève, solution location automobile suisse, logiciel loueur genève, location voiture professionnelle genève, gestion flotte automobile genève, réservation location véhicule, logiciel conformité suisse location&quot;&gt;\n  &lt;link rel=&quot;canonical&quot; href=&quot;https://www.logirent.ch/logiciel-de-location-de-vehicules-a-geneve-solution-professionnelle-logirent.html&quot;&gt;\n  &lt;meta property=&quot;og:title&quot; content=&quot;logiciel location voiture genève | logirent.ch&quot;&gt;\n  &lt;meta property=&quot;og:description&quot; content=&quot;logiciel professionnel de gestion de location de véhicules à genève. automatisez réservations, contrats et facturation. solution suisse adaptée aux loueurs genevois.&quot;&gt;\n  &lt;meta property=&quot;og:type&quot; content=&quot;artic...ie les permis de conduire internationaux, applique les exonérations tva selon les règles suisses, et accepte les paiements par cartes internationales. les contrats sont disponibles dans plusieurs langues.&lt;/p&gt;&lt;/details&gt;&lt;details class=&quot;faq-item&quot;&gt;&lt;summary&gt;mes données sont-elles sécurisées avec un hébergement cloud ?&lt;/summary&gt;&lt;p&gt;oui, totalement. logirent héberge vos données sur des serveurs certifiés situés en suisse, garantissant conformité lpd et rgpd. les sauvegardes quotidiennes automatiques, le chiffrement ssl, et l\'authentification multi-facteurs protègent vos informations sensibles. vous conservez un contrôle total sur vos données avec possibilité d\'export à tout moment.&lt;/p&gt;&lt;/details&gt;&lt;details class=&quot;faq-item&quot;&gt;&lt;summary&gt;puis-je intégrer logirent avec mon site web et ma comptabilité existante ?&lt;/summary&gt;&lt;p&gt;oui, logirent s\'intègre facilement via api ou widget à votre site web pour les réservations en ligne. le système exporte directement vers les logiciels comptables suisses courants (crésus, banana, bexio, sap). l\'équipe technique configure ces connexions durant la phase d\'implémentation selon vos besoins spécifiques.&lt;/p&gt;&lt;/details&gt;&lt;/section&gt;\n  &lt;/article&gt;\n&lt;/body&gt;\n&lt;/html&gt;\n')&#10; +  where '&lt;!doctype html&gt;\n&lt;html lang=&quot;fr&quot;&gt;\n&lt;head&gt;\n  &lt;meta charset=&quot;utf-8&quot;&gt;\n  &lt;meta name=&quot;viewport&quot; content=&quot;width=device-width,initial-scale=1&quot;&gt;\n  &lt;title&gt;logiciel location voiture genève | logirent.ch&lt;/title&gt;\n  &lt;meta name=&quot;description&quot; content=&quot;logiciel professionnel de gestion de location de véhicules à genève. automatisez réservations, contrats et facturation. solution suisse adaptée aux loueurs genevois.&quot;&gt;\n  &lt;meta name=&quot;keywords&quot; content=&quot;logiciel location voiture genève, gestion location véhicules genève, solution location automobile suisse, logiciel loueur genève, location voiture professionnelle genève, gestion flotte automobile genève, réservation location véhicule, logiciel conformité suisse location&quot;&gt;\n  &lt;link rel=&quot;canonical&quot; href=&quot;https://www.logirent.ch/logiciel-de-location-de-vehicules-a-geneve-solution-professionnelle-logirent.html&quot;&gt;\n  &lt;meta property=&quot;og:title&quot; content=&quot;logiciel location voiture genève | logirent.ch&quot;&gt;\n  &lt;meta property=&quot;og:description&quot; content=&quot;logiciel professionnel de gestion de location de véhicules à genève. automatisez réservations, contrats et facturation. solution suisse adaptée aux loueurs genevois.&quot;&gt;\n  &lt;meta property=&quot;og:type&quot; content=&quot;artic...ie les permis de conduire internationaux, applique les exonérations tva selon les règles suisses, et accepte les paiements par cartes internationales. les contrats sont disponibles dans plusieurs langues.&lt;/p&gt;&lt;/details&gt;&lt;details class=&quot;faq-item&quot;&gt;&lt;summary&gt;mes données sont-elles sécurisées avec un hébergement cloud ?&lt;/summary&gt;&lt;p&gt;oui, totalement. logirent héberge vos données sur des serveurs certifiés situés en suisse, garantissant conformité lpd et rgpd. les sauvegardes quotidiennes automatiques, le chiffrement ssl, et l\'authentification multi-facteurs protègent vos informations sensibles. vous conservez un contrôle total sur vos données avec possibilité d\'export à tout moment.&lt;/p&gt;&lt;/details&gt;&lt;details class=&quot;faq-item&quot;&gt;&lt;summary&gt;puis-je intégrer logirent avec mon site web et ma comptabilité existante ?&lt;/summary&gt;&lt;p&gt;oui, logirent s\'intègre facilement via api ou widget à votre site web pour les réservations en ligne. le système exporte directement vers les logiciels comptables suisses courants (crésus, banana, bexio, sap). l\'équipe technique configure ces connexions durant la phase d\'implémentation selon vos besoins spécifiques.&lt;/p&gt;&lt;/details&gt;&lt;/section&gt;\n  &lt;/article&gt;\n&lt;/body&gt;\n&lt;/html&gt;\n' = &lt;built-in method lower of str object at 0xb2045211ba90&gt;()&#10; +    where &lt;built-in method lower of str object at 0xb2045211ba90&gt; = '&lt;!doctype html&gt;\n&lt;html lang=&quot;fr&quot;&gt;\n&lt;head&gt;\n  &lt;meta charset=&quot;utf-8&quot;&gt;\n  &lt;meta name=&quot;viewport&quot; content=&quot;width=device-width,initial-scale=1&quot;&gt;\n  &lt;title&gt;Logiciel Location Voiture Genève | Logirent.ch&lt;/title&gt;\n  &lt;meta name=&quot;description&quot; content=&quot;Logiciel professionnel de gestion de location de véhicules à Genève. Automatisez réservations, contrats et facturation. Solution suisse adaptée aux loueurs genevois.&quot;&gt;\n  &lt;meta name=&quot;keywords&quot; content=&quot;logiciel location voiture genève, gestion location véhicules genève, solution location automobile suisse, logiciel loueur genève, location voiture professionnelle genève, gestion flotte automobile genève, réservation location véhicule, logiciel conformité suisse location&quot;&gt;\n  &lt;link rel=&quot;canonical&quot; href=&quot;https://www.logirent.ch/logiciel-de-location-de-vehicules-a-geneve-solution-professionnelle-logirent.html&quot;&gt;\n  &lt;meta property=&quot;og:title&quot; content=&quot;Logiciel Location Voiture Genève | Logirent.ch&quot;&gt;\n  &lt;meta property=&quot;og:description&quot; content=&quot;Logiciel professionnel de gestion de location de véhicules à Genève. Automatisez réservations, contrats et facturation. Solution suisse adaptée aux loueurs genevois.&quot;&gt;\n  &lt;meta property=&quot;og:type&quot; content=&quot;artic...ie les permis de conduire internationaux, applique les exonérations TVA selon les règles suisses, et accepte les paiements par cartes internationales. Les contrats sont disponibles dans plusieurs langues.&lt;/p&gt;&lt;/details&gt;&lt;details class=&quot;faq-item&quot;&gt;&lt;summary&gt;Mes données sont-elles sécurisées avec un hébergement cloud ?&lt;/summary&gt;&lt;p&gt;Oui, totalement. Logirent héberge vos données sur des serveurs certifiés situés en Suisse, garantissant conformité LPD et RGPD. Les sauvegardes quotidiennes automatiques, le chiffrement SSL, et l\'authentification multi-facteurs protègent vos informations sensibles. Vous conservez un contrôle total sur vos données avec possibilité d\'export à tout moment.&lt;/p&gt;&lt;/details&gt;&lt;details class=&quot;faq-item&quot;&gt;&lt;summary&gt;Puis-je intégrer Logirent avec mon site web et ma comptabilité existante ?&lt;/summary&gt;&lt;p&gt;Oui, Logirent s\'intègre facilement via API ou widget à votre site web pour les réservations en ligne. Le système exporte directement vers les logiciels comptables suisses courants (Crésus, Banana, Bexio, SAP). L\'équipe technique configure ces connexions durant la phase d\'implémentation selon vos besoins spécifiques.&lt;/p&gt;&lt;/details&gt;&lt;/section&gt;\n  &lt;/article&gt;\n&lt;/body&gt;\n&lt;/html&gt;\n'.lower">E   assert ('&lt;figure' in '&lt;!doctype html&gt;\n&lt;html lang="fr"&gt;\n&lt;head&gt;\n  &lt;meta charset="utf-8"&gt;\n  &lt;meta name="viewport" content="width=device-width,initial-scale=1"&gt;\n  &lt;title&gt;Logiciel Location Voiture Genève | Logirent.ch&lt;/title&gt;\n  &lt;meta name="description" content="Logiciel professionnel de gestion de location de véhicules à Genève. Automatisez réservations, contrats et facturation. Solution suisse adaptée aux loueurs genevois."&gt;\n  &lt;meta name="keywords" content="logiciel location voiture genève, gestion location véhicules genève, solution location automobile suisse, logiciel loueur genève, location voiture professionnelle genève, gestion flotte automobile genève, réservation location véhicule, logiciel conformité suisse location"&gt;\n  &lt;link rel="canonical" href="https://www.logirent.ch/logiciel-de-location-de-vehicules-a-geneve-solution-professionnelle-logirent.html"&gt;\n  &lt;meta property="og:title" content="Logiciel Location Voiture Genève | Logirent.ch"&gt;\n  &lt;meta property="og:description" content="Logiciel professionnel de gestion de location de véhicules à Genève. Automatisez réservations, contrats et facturation. Solution suisse adaptée aux loueurs genevois."&gt;\n  &lt;meta property="og:type" content="artic...ie les permis de conduire internationaux, applique les exonérations TVA selon les règles suisses, et accepte les paiements par cartes internationales. Les contrats sont disponibles dans plusieurs langues.&lt;/p&gt;&lt;/details&gt;&lt;details class="faq-item"&gt;&lt;summary&gt;Mes données sont-elles sécurisées avec un hébergement cloud ?&lt;/summary&gt;&lt;p&gt;Oui, totalement. Logirent héberge vos données sur des serveurs certifiés situés en Suisse, garantissant conformité LPD et RGPD. Les sauvegardes quotidiennes automatiques, le chiffrement SSL, et l\'authentification multi-facteurs protègent vos informations sensibles. Vous conservez un contrôle total sur vos données avec possibilité d\'export à tout moment.&lt;/p&gt;&lt;/details&gt;&lt;details class="faq-item"&gt;&lt;summary&gt;Puis-je intégrer Logirent avec mon site web et ma comptabilité existante ?&lt;/summary&gt;&lt;p&gt;Oui, Logirent s\'intègre facilement via API ou widget à votre site web pour les réservations en ligne. Le système exporte directement vers les logiciels comptables suisses courants (Crésus, Banana, Bexio, SAP). L\'équipe technique configure ces connexions durant la phase d\'implémentation selon vos besoins spécifiques.&lt;/p&gt;&lt;/details&gt;&lt;/section&gt;\n  &lt;/article&gt;\n&lt;/body&gt;\n&lt;/html&gt;\n' or 'cover' in '&lt;!doctype html&gt;\n&lt;html lang="fr"&gt;\n&lt;head&gt;\n  &lt;meta charset="utf-8"&gt;\n  &lt;meta name="viewport" content="width=device-width,initial-scale=1"&gt;\n  &lt;title&gt;logiciel location voiture genève | logirent.ch&lt;/title&gt;\n  &lt;meta name="description" content="logiciel professionnel de gestion de location de véhicules à genève. automatisez réservations, contrats et facturation. solution suisse adaptée aux loueurs genevois."&gt;\n  &lt;meta name="keywords" content="logiciel location voiture genève, gestion location véhicules genève, solution location automobile suisse, logiciel loueur genève, location voiture professionnelle genève, gestion flotte automobile genève, réservation location véhicule, logiciel conformité suisse location"&gt;\n  &lt;link rel="canonical" href="https://www.logirent.ch/logiciel-de-location-de-vehicules-a-geneve-solution-professionnelle-logirent.html"&gt;\n  &lt;meta property="og:title" content="logiciel location voiture genève | logirent.ch"&gt;\n  &lt;meta property="og:description" content="logiciel professionnel de gestion de location de véhicules à genève. automatisez réservations, contrats et facturation. solution suisse adaptée aux loueurs genevois."&gt;\n  &lt;meta property="og:type" content="artic...ie les permis de conduire internationaux, applique les exonérations tva selon les règles suisses, et accepte les paiements par cartes internationales. les contrats sont disponibles dans plusieurs langues.&lt;/p&gt;&lt;/details&gt;&lt;details class="faq-item"&gt;&lt;summary&gt;mes données sont-elles sécurisées avec un hébergement cloud ?&lt;/summary&gt;&lt;p&gt;oui, totalement. logirent héberge vos données sur des serveurs certifiés situés en suisse, garantissant conformité lpd et rgpd. les sauvegardes quotidiennes automatiques, le chiffrement ssl, et l\'authentification multi-facteurs protègent vos informations sensibles. vous conservez un contrôle total sur vos données avec possibilité d\'export à tout moment.&lt;/p&gt;&lt;/details&gt;&lt;details class="faq-item"&gt;&lt;summary&gt;puis-je intégrer logirent avec mon site web et ma comptabilité existante ?&lt;/summary&gt;&lt;p&gt;oui, logirent s\'intègre facilement via api ou widget à votre site web pour les réservations en ligne. le système exporte directement vers les logiciels comptables suisses courants (crésus, banana, bexio, sap). l\'équipe technique configure ces connexions durant la phase d\'implémentation selon vos besoins spécifiques.&lt;/p&gt;&lt;/details&gt;&lt;/section&gt;\n  &lt;/article&gt;\n&lt;/body&gt;\n&lt;/html&gt;\n')
     +  where '&lt;!doctype html&gt;\n&lt;html lang="fr"&gt;\n&lt;head&gt;\n  &lt;meta charset="utf-8"&gt;\n  &lt;meta name="viewport" content="width=device-width,initial-scale=1"&gt;\n  &lt;title&gt;logiciel location voiture genève | logirent.ch&lt;/title&gt;\n  &lt;meta name="description" content="logiciel professionnel de gestion de location de véhicules à genève. automatisez réservations, contrats et facturation. solution suisse adaptée aux loueurs genevois."&gt;\n  &lt;meta name="keywords" content="logiciel location voiture genève, gestion location véhicules genève, solution location automobile suisse, logiciel loueur genève, location voiture professionnelle genève, gestion flotte automobile genève, réservation location véhicule, logiciel conformité suisse location"&gt;\n  &lt;link rel="canonical" href="https://www.logirent.ch/logiciel-de-location-de-vehicules-a-geneve-solution-professionnelle-logirent.html"&gt;\n  &lt;meta property="og:title" content="logiciel location voiture genève | logirent.ch"&gt;\n  &lt;meta property="og:description" content="logiciel professionnel de gestion de location de véhicules à genève. automatisez réservations, contrats et facturation. solution suisse adaptée aux loueurs genevois."&gt;\n  &lt;meta property="og:type" content="artic...ie les permis de conduire internationaux, applique les exonérations tva selon les règles suisses, et accepte les paiements par cartes internationales. les contrats sont disponibles dans plusieurs langues.&lt;/p&gt;&lt;/details&gt;&lt;details class="faq-item"&gt;&lt;summary&gt;mes données sont-elles sécurisées avec un hébergement cloud ?&lt;/summary&gt;&lt;p&gt;oui, totalement. logirent héberge vos données sur des serveurs certifiés situés en suisse, garantissant conformité lpd et rgpd. les sauvegardes quotidiennes automatiques, le chiffrement ssl, et l\'authentification multi-facteurs protègent vos informations sensibles. vous conservez un contrôle total sur vos données avec possibilité d\'export à tout moment.&lt;/p&gt;&lt;/details&gt;&lt;details class="faq-item"&gt;&lt;summary&gt;puis-je intégrer logirent avec mon site web et ma comptabilité existante ?&lt;/summary&gt;&lt;p&gt;oui, logirent s\'intègre facilement via api ou widget à votre site web pour les réservations en ligne. le système exporte directement vers les logiciels comptables suisses courants (crésus, banana, bexio, sap). l\'équipe technique configure ces connexions durant la phase d\'implémentation selon vos besoins spécifiques.&lt;/p&gt;&lt;/details&gt;&lt;/section&gt;\n  &lt;/article&gt;\n&lt;/body&gt;\n&lt;/html&gt;\n' = &lt;built-in method lower of str object at 0xb2045211ba90&gt;()
     +    where &lt;built-in method lower of str object at 0xb2045211ba90&gt; = '&lt;!doctype html&gt;\n&lt;html lang="fr"&gt;\n&lt;head&gt;\n  &lt;meta charset="utf-8"&gt;\n  &lt;meta name="viewport" content="width=device-width,initial-scale=1"&gt;\n  &lt;title&gt;Logiciel Location Voiture Genève | Logirent.ch&lt;/title&gt;\n  &lt;meta name="description" content="Logiciel professionnel de gestion de location de véhicules à Genève. Automatisez réservations, contrats et facturation. Solution suisse adaptée aux loueurs genevois."&gt;\n  &lt;meta name="keywords" content="logiciel location voiture genève, gestion location véhicules genève, solution location automobile suisse, logiciel loueur genève, location voiture professionnelle genève, gestion flotte automobile genève, réservation location véhicule, logiciel conformité suisse location"&gt;\n  &lt;link rel="canonical" href="https://www.logirent.ch/logiciel-de-location-de-vehicules-a-geneve-solution-professionnelle-logirent.html"&gt;\n  &lt;meta property="og:title" content="Logiciel Location Voiture Genève | Logirent.ch"&gt;\n  &lt;meta property="og:description" content="Logiciel professionnel de gestion de location de véhicules à Genève. Automatisez réservations, contrats et facturation. Solution suisse adaptée aux loueurs genevois."&gt;\n  &lt;meta property="og:type" content="artic...ie les permis de conduire internationaux, applique les exonérations TVA selon les règles suisses, et accepte les paiements par cartes internationales. Les contrats sont disponibles dans plusieurs langues.&lt;/p&gt;&lt;/details&gt;&lt;details class="faq-item"&gt;&lt;summary&gt;Mes données sont-elles sécurisées avec un hébergement cloud ?&lt;/summary&gt;&lt;p&gt;Oui, totalement. Logirent héberge vos données sur des serveurs certifiés situés en Suisse, garantissant conformité LPD et RGPD. Les sauvegardes quotidiennes automatiques, le chiffrement SSL, et l\'authentification multi-facteurs protègent vos informations sensibles. Vous conservez un contrôle total sur vos données avec possibilité d\'export à tout moment.&lt;/p&gt;&lt;/details&gt;&lt;details class="faq-item"&gt;&lt;summary&gt;Puis-je intégrer Logirent avec mon site web et ma comptabilité existante ?&lt;/summary&gt;&lt;p&gt;Oui, Logirent s\'intègre facilement via API ou widget à votre site web pour les réservations en ligne. Le système exporte directement vers les logiciels comptables suisses courants (Crésus, Banana, Bexio, SAP). L\'équipe technique configure ces connexions durant la phase d\'implémentation selon vos besoins spécifiques.&lt;/p&gt;&lt;/details&gt;&lt;/section&gt;\n  &lt;/article&gt;\n&lt;/body&gt;\n&lt;/html&gt;\n'.lower</failure></testcase><testcase classname="backend.tests.test_regression_refactor" name="test_draft_generate_image_503" time="0.095" /><testcase classname="backend.tests.test_regression_refactor" name="test_agents_overview_no_site" time="0.127" /><testcase classname="backend.tests.test_regression_refactor" name="test_agents_overview_with_site" time="0.106" /><testcase classname="backend.tests.test_regression_refactor" name="test_workflows_list" time="0.111" /><testcase classname="backend.tests.test_regression_refactor" name="test_workflow_crud_and_run" time="0.327" /><testcase classname="backend.tests.test_regression_refactor" name="test_notifications" time="0.252" /><testcase classname="backend.tests.test_regression_refactor" name="test_workspace_current" time="0.100" /><testcase classname="backend.tests.test_regression_refactor" name="test_billing_plans" time="0.096" /><testcase classname="backend.tests.test_regression_refactor" name="test_integration_status[/meta/status]" time="0.121" /><testcase classname="backend.tests.test_regression_refactor" name="test_integration_status[/gbp/status]" time="0.103" /><testcase classname="backend.tests.test_regression_refactor" name="test_integration_status[/linkedin/status]" time="0.099" /><testcase classname="backend.tests.test_regression_refactor" name="test_integration_status[/google/status]" time="0.094" /><testcase classname="backend.tests.test_regression_refactor" name="test_meta_login_url" time="0.094" /><testcase classname="backend.tests.test_regression_refactor" name="test_gbp_login_url" time="0.117" /><testcase classname="backend.tests.test_regression_refactor" name="test_site_performance" time="0.099" /><testcase classname="backend.tests.test_regression_refactor" name="test_site_rank_tracking" time="0.113" /><testcase classname="backend.tests.test_regression_refactor" name="test_dashboard_stats" time="0.108" /><testcase classname="backend.tests.test_regression_refactor" name="test_site_audits" time="0.101" /><testcase classname="backend.tests.test_regression_refactor" name="test_calendar" time="0.097" /><testcase classname="backend.tests.test_regression_refactor" name="test_business_profile" time="0.121" /><testcase classname="backend.tests.test_regression_refactor" name="test_ai_visibility_latest" time="0.104" /><testcase classname="backend.tests.test_regression_refactor" name="test_competitor_latest" time="0.112" /><testcase classname="backend.tests.test_regression_refactor" name="test_saved_keywords" time="0.140" /></testsuite></testsuites>