<?xml version="1.0" encoding="utf-8"?><testsuites name="pytest tests"><testsuite name="pytest" errors="0" failures="0" skipped="0" tests="15" time="2.572" timestamp="2026-07-13T12:00:59.324957+00:00" hostname="agent-env-c8c8bd02-734f-43a6-a277-4b4023f4b1df"><testcase classname="backend.tests.test_social_publishing.TestMetaStatus" name="test_meta_status" time="0.607" /><testcase classname="backend.tests.test_social_publishing.TestMetaStatus" name="test_meta_login_url" time="0.098" /><testcase classname="backend.tests.test_social_publishing.TestMetaStatus" name="test_meta_callback_invalid_state" time="0.538" /><testcase classname="backend.tests.test_social_publishing.TestGBPStatus" name="test_gbp_status" time="0.098" /><testcase classname="backend.tests.test_social_publishing.TestGBPStatus" name="test_gbp_login_url" time="0.135" /><testcase classname="backend.tests.test_social_publishing.TestGBPStatus" name="test_gbp_callback_invalid_state" time="0.115" /><testcase classname="backend.tests.test_social_publishing.TestPublishErrors" name="test_publish_facebook_not_connected" time="0.103" /><testcase classname="backend.tests.test_social_publishing.TestPublishErrors" name="test_publish_instagram_no_image" time="0.101" /><testcase classname="backend.tests.test_social_publishing.TestPublishErrors" name="test_publish_instagram_with_image_not_connected" time="0.104" /><testcase classname="backend.tests.test_social_publishing.TestPublishErrors" name="test_publish_gbp_not_connected" time="0.099" /><testcase classname="backend.tests.test_social_publishing.TestPublishErrors" name="test_gbp_locations_not_connected" time="0.097" /><testcase classname="backend.tests.test_social_publishing.TestDisconnect" name="test_meta_disconnect" time="0.102" /><testcase classname="backend.tests.test_social_publishing.TestDisconnect" name="test_gbp_disconnect" time="0.091" /><testcase classname="backend.tests.test_social_publishing.TestRegression" name="test_linkedin_status_still_works" time="0.129" /><testcase classname="backend.tests.test_social_publishing.TestRegression" name="test_get_draft_pydantic_ok" time="0.093" /></testsuite></testsuites>